Using pre-set license
Built from '2020.3/staging' branch; Version is '2020.3.0f1 (c7b5465681fb) revision 13088070'; Using compiler version '192528614'; Build Type 'Release'
OS: 'Windows 10 Home Single Language; OS build 19042.867; Version 2009; 64bit' Language: 'en' Physical Memory: 16230 MB
BatchMode: 1, IsHumanControllingUs: 0, StartBugReporterOnCrash: 0, Is64bit: 1, IsPro: 0

 COMMAND LINE ARGUMENTS:
C:\Program Files\Unity\Editor\2020.3.0f1\Editor\Unity.exe
-adb2
-batchMode
-noUpm
-name
AssetImportWorker0
-projectPath
E:/Git/Slasher
-logFile
Logs/AssetImportWorker0.log
-srvPort
54625
Successfully changed project path to: E:/Git/Slasher
E:/Git/Slasher
Using Asset Import Pipeline V2.
Refreshing native plugins compatible for Editor in 34.74 ms, found 0 plugins.
Preloading 0 native plugins for Editor in 0.00 ms.
Initialize engine version: 2020.3.0f1 (c7b5465681fb)
[Subsystems] Discovering subsystems at path C:/Program Files/Unity/Editor/2020.3.0f1/Editor/Data/Resources/UnitySubsystems
[Subsystems] Discovering subsystems at path E:/Git/Slasher/Assets
GfxDevice: creating device client; threaded=0
Direct3D:
    Version:  Direct3D 11.0 [level 11.1]
    Renderer: NVIDIA GeForce GTX 1050 Ti with Max-Q Design (ID=0x1c8f)
    Vendor:   
    VRAM:     4021 MB
    Driver:   27.21.14.5730
Initialize mono
Mono path[0] = 'C:/Program Files/Unity/Editor/2020.3.0f1/Editor/Data/Managed'
Mono path[1] = 'C:/Program Files/Unity/Editor/2020.3.0f1/Editor/Data/MonoBleedingEdge/lib/mono/unityjit'
Mono config path = 'C:/Program Files/Unity/Editor/2020.3.0f1/Editor/Data/MonoBleedingEdge/etc'
Using monoOptions --debugger-agent=transport=dt_socket,embedding=1,server=y,suspend=n,address=127.0.0.1:56480
Begin MonoManager ReloadAssembly
Registering precompiled unity dll's ...
Register platform support module: C:/Program Files/Unity/Editor/2020.3.0f1/Editor/Data/PlaybackEngines/WindowsStandaloneSupport/UnityEditor.WindowsStandalone.Extensions.dll
Registered in 0.001868 seconds.
Native extension for WindowsStandalone target not found
Refreshing native plugins compatible for Editor in 32.08 ms, found 0 plugins.
Preloading 0 native plugins for Editor in 0.00 ms.
Invoked RoslynAnalysisRunner static constructor.
RoslynAnalysisRunner will not be running.
RoslynAnalysisRunner has terminated.
Mono: successfully reloaded assembly
- Completed reload, in  2.148 seconds
Platform modules already initialized, skipping
Registering precompiled user dll's ...
Registered in 0.001875 seconds.
Begin MonoManager ReloadAssembly
Native extension for WindowsStandalone target not found
Refreshing native plugins compatible for Editor in 0.41 ms, found 0 plugins.
Preloading 0 native plugins for Editor in 0.00 ms.
Invoked RoslynAnalysisRunner static constructor.
RoslynAnalysisRunner will not be running.
RoslynAnalysisRunner has terminated.
Mono: successfully reloaded assembly
- Completed reload, in  0.871 seconds
Platform modules already initialized, skipping
========================================================================
Worker process is ready to serve import requests
Launched and connected shader compiler UnityShaderCompiler.exe after 0.04 seconds
Refreshing native plugins compatible for Editor in 0.44 ms, found 0 plugins.
Preloading 0 native plugins for Editor in 0.00 ms.
Unloading 1562 Unused Serialized files (Serialized files now loaded: 0)
System memory in use before: 70.7 MB.
System memory in use after: 70.8 MB.

Unloading 65 unused Assets to reduce memory usage. Loaded Objects now: 1990.
Total: 1.993600 ms (FindLiveObjects: 0.303700 ms CreateObjectMapping: 0.101500 ms MarkObjects: 1.506400 ms  DeleteObjects: 0.080400 ms)

========================================================================
Received Import Request.
  path: Assets/BehaviorTrees/Example/GuardBrain.asset
  artifactKey: Guid(98d16e84e3daa4b4bad48756928c2266) Importer(815301076,1909f56bfc062723c751e8b465ee728b)
Start importing Assets/BehaviorTrees/Example/GuardBrain.asset using Guid(98d16e84e3daa4b4bad48756928c2266) Importer(815301076,1909f56bfc062723c751e8b465ee728b)  -> (artifact id: 'f83a720820049becda85789b3a24c133') in 0.035851 seconds
  Import took 0.038164 seconds .

========================================================================
Received Import Request.
  Time since last request: 0.000280 seconds.
  path: Assets/BehaviorTrees/Example/Example.cs
  artifactKey: Guid(0c2808eb51e09ca409aed85748798f55) Importer(815301076,1909f56bfc062723c751e8b465ee728b)
Start importing Assets/BehaviorTrees/Example/Example.cs using Guid(0c2808eb51e09ca409aed85748798f55) Importer(815301076,1909f56bfc062723c751e8b465ee728b)  -> (artifact id: '7dc78c2eaaebd3c43ff5328455b6bcaa') in 0.007804 seconds
  Import took 0.010121 seconds .

========================================================================
Received Import Request.
  Time since last request: 15.812676 seconds.
  path: Assets/BehaviorTrees/Example/GuardBrain 1.asset
  artifactKey: Guid(865d0f7e6d53b354bb1d54dde21e53aa) Importer(815301076,1909f56bfc062723c751e8b465ee728b)
Start importing Assets/BehaviorTrees/Example/GuardBrain 1.asset using Guid(865d0f7e6d53b354bb1d54dde21e53aa) Importer(815301076,1909f56bfc062723c751e8b465ee728b)  -> (artifact id: 'c69f21cc98cd2bd46d44de123fcc0511') in 0.008246 seconds
  Import took 0.011782 seconds .

========================================================================
Received Import Request.
  Time since last request: 7.320849 seconds.
  path: Assets/BehaviorTrees/Example/GuardBrainๅ.asset
  artifactKey: Guid(865d0f7e6d53b354bb1d54dde21e53aa) Importer(815301076,1909f56bfc062723c751e8b465ee728b)
Start importing Assets/BehaviorTrees/Example/GuardBrainๅ.asset using Guid(865d0f7e6d53b354bb1d54dde21e53aa) Importer(815301076,1909f56bfc062723c751e8b465ee728b)  -> (artifact id: 'd05a7a554a6b235e0f68d95833b001a8') in 0.008946 seconds
  Import took 0.011685 seconds .

========================================================================
Received Import Request.
  Time since last request: 3.267240 seconds.
  path: Assets/BehaviorTrees/Example/GuardBrain2.asset
  artifactKey: Guid(865d0f7e6d53b354bb1d54dde21e53aa) Importer(815301076,1909f56bfc062723c751e8b465ee728b)
Start importing Assets/BehaviorTrees/Example/GuardBrain2.asset using Guid(865d0f7e6d53b354bb1d54dde21e53aa) Importer(815301076,1909f56bfc062723c751e8b465ee728b)  -> (artifact id: 'f51b37336bad908015d398e415124027') in 0.007558 seconds
  Import took 0.010279 seconds .

========================================================================
Received Import Request.
  Time since last request: 1.699825 seconds.
  path: Assets/BehaviorTrees/Example/GuardBrain2.asset
  artifactKey: Guid(865d0f7e6d53b354bb1d54dde21e53aa) Importer(815301076,1909f56bfc062723c751e8b465ee728b)
Start importing Assets/BehaviorTrees/Example/GuardBrain2.asset using Guid(865d0f7e6d53b354bb1d54dde21e53aa) Importer(815301076,1909f56bfc062723c751e8b465ee728b)  -> (artifact id: '7e03b6e3cc0173c2ad452db7cf95dda7') in 0.004738 seconds
  Import took 0.007311 seconds .

========================================================================
Received Import Request.
  Time since last request: 13.703213 seconds.
  path: Assets/BehaviorTrees/Example/GuardBrain2.asset
  artifactKey: Guid(865d0f7e6d53b354bb1d54dde21e53aa) Importer(815301076,1909f56bfc062723c751e8b465ee728b)
Start importing Assets/BehaviorTrees/Example/GuardBrain2.asset using Guid(865d0f7e6d53b354bb1d54dde21e53aa) Importer(815301076,1909f56bfc062723c751e8b465ee728b)  -> (artifact id: '18e3765fcfeb8ce9121059708b27acd9') in 0.003921 seconds
  Import took 0.007260 seconds .

========================================================================
Received Import Request.
  Time since last request: 0.637702 seconds.
  path: Assets/BehaviorTrees/Example/GuardBrain2.asset
  artifactKey: Guid(865d0f7e6d53b354bb1d54dde21e53aa) Importer(815301076,1909f56bfc062723c751e8b465ee728b)
Start importing Assets/BehaviorTrees/Example/GuardBrain2.asset using Guid(865d0f7e6d53b354bb1d54dde21e53aa) Importer(815301076,1909f56bfc062723c751e8b465ee728b)  -> (artifact id: '2c360769800fdbf8283284fbebd5210e') in 0.004019 seconds
  Import took 0.007721 seconds .

========================================================================
Received Import Request.
  Time since last request: 2.914279 seconds.
  path: Assets/BehaviorTrees/Example/GuardBrain2.asset
  artifactKey: Guid(865d0f7e6d53b354bb1d54dde21e53aa) Importer(815301076,1909f56bfc062723c751e8b465ee728b)
Start importing Assets/BehaviorTrees/Example/GuardBrain2.asset using Guid(865d0f7e6d53b354bb1d54dde21e53aa) Importer(815301076,1909f56bfc062723c751e8b465ee728b)  -> (artifact id: 'e295cecf93aa4ece50a827e0b7231c27') in 0.003306 seconds
  Import took 0.006106 seconds .

========================================================================
Received Import Request.
  Time since last request: 3.045119 seconds.
  path: Assets/BehaviorTrees/Example/GuardBrain2.asset
  artifactKey: Guid(865d0f7e6d53b354bb1d54dde21e53aa) Importer(815301076,1909f56bfc062723c751e8b465ee728b)
Start importing Assets/BehaviorTrees/Example/GuardBrain2.asset using Guid(865d0f7e6d53b354bb1d54dde21e53aa) Importer(815301076,1909f56bfc062723c751e8b465ee728b)  -> (artifact id: '24a2020fe21293aed1b144d14106465d') in 0.003325 seconds
  Import took 0.005971 seconds .

========================================================================
Received Import Request.
  Time since last request: 4.748915 seconds.
  path: Assets/BehaviorTrees/Example/GuardBrain2.asset
  artifactKey: Guid(865d0f7e6d53b354bb1d54dde21e53aa) Importer(815301076,1909f56bfc062723c751e8b465ee728b)
Start importing Assets/BehaviorTrees/Example/GuardBrain2.asset using Guid(865d0f7e6d53b354bb1d54dde21e53aa) Importer(815301076,1909f56bfc062723c751e8b465ee728b)  -> (artifact id: '432a68b2df0a912dd72344936f4a4bbb') in 0.003314 seconds
  Import took 0.006066 seconds .

========================================================================
Received Import Request.
  Time since last request: 0.969889 seconds.
  path: Assets/BehaviorTrees/Example/GuardBrain2.asset
  artifactKey: Guid(865d0f7e6d53b354bb1d54dde21e53aa) Importer(815301076,1909f56bfc062723c751e8b465ee728b)
Start importing Assets/BehaviorTrees/Example/GuardBrain2.asset using Guid(865d0f7e6d53b354bb1d54dde21e53aa) Importer(815301076,1909f56bfc062723c751e8b465ee728b)  -> (artifact id: '06d80fb5a152891792cf064e05859026') in 0.003286 seconds
  Import took 0.006159 seconds .

========================================================================
Received Import Request.
  Time since last request: 1.976676 seconds.
  path: Assets/BehaviorTrees/Example/GuardBrain2.asset
  artifactKey: Guid(865d0f7e6d53b354bb1d54dde21e53aa) Importer(815301076,1909f56bfc062723c751e8b465ee728b)
Start importing Assets/BehaviorTrees/Example/GuardBrain2.asset using Guid(865d0f7e6d53b354bb1d54dde21e53aa) Importer(815301076,1909f56bfc062723c751e8b465ee728b)  -> (artifact id: '20edbb21d9f48527d9310b2f2d18f157') in 0.003789 seconds
  Import took 0.006717 seconds .

========================================================================
Received Import Request.
  Time since last request: 1.284385 seconds.
  path: Assets/BehaviorTrees/Example/GuardBrain2.asset
  artifactKey: Guid(865d0f7e6d53b354bb1d54dde21e53aa) Importer(815301076,1909f56bfc062723c751e8b465ee728b)
Start importing Assets/BehaviorTrees/Example/GuardBrain2.asset using Guid(865d0f7e6d53b354bb1d54dde21e53aa) Importer(815301076,1909f56bfc062723c751e8b465ee728b)  -> (artifact id: '5b4c093c19444c274867e466fdec753f') in 0.003615 seconds
  Import took 0.006449 seconds .

========================================================================
Received Import Request.
  Time since last request: 2.655723 seconds.
  path: Assets/BehaviorTrees/Example/GuardBrain2.asset
  artifactKey: Guid(865d0f7e6d53b354bb1d54dde21e53aa) Importer(815301076,1909f56bfc062723c751e8b465ee728b)
Start importing Assets/BehaviorTrees/Example/GuardBrain2.asset using Guid(865d0f7e6d53b354bb1d54dde21e53aa) Importer(815301076,1909f56bfc062723c751e8b465ee728b)  -> (artifact id: '94f084773dd53038d4d19d7f51c3ab78') in 0.003652 seconds
  Import took 0.006837 seconds .

========================================================================
Received Import Request.
  Time since last request: 10.233220 seconds.
  path: Assets/BehaviorTrees/Example/GuardBrain2.asset
  artifactKey: Guid(865d0f7e6d53b354bb1d54dde21e53aa) Importer(815301076,1909f56bfc062723c751e8b465ee728b)
Start importing Assets/BehaviorTrees/Example/GuardBrain2.asset using Guid(865d0f7e6d53b354bb1d54dde21e53aa) Importer(815301076,1909f56bfc062723c751e8b465ee728b)  -> (artifact id: 'b2b76646b84189bb7aa47236b8828d97') in 0.003969 seconds
  Import took 0.007208 seconds .

========================================================================
Received Import Request.
  Time since last request: 0.541463 seconds.
  path: Assets/BehaviorTrees/Example/GuardBrain2.asset
  artifactKey: Guid(865d0f7e6d53b354bb1d54dde21e53aa) Importer(815301076,1909f56bfc062723c751e8b465ee728b)
Start importing Assets/BehaviorTrees/Example/GuardBrain2.asset using Guid(865d0f7e6d53b354bb1d54dde21e53aa) Importer(815301076,1909f56bfc062723c751e8b465ee728b)  -> (artifact id: '15c7afef1578b541123399f075e07258') in 0.003592 seconds
  Import took 0.006451 seconds .

========================================================================
Received Import Request.
  Time since last request: 3.962407 seconds.
  path: Assets/BehaviorTrees/Example/GuardBrain2.asset
  artifactKey: Guid(865d0f7e6d53b354bb1d54dde21e53aa) Importer(815301076,1909f56bfc062723c751e8b465ee728b)
Start importing Assets/BehaviorTrees/Example/GuardBrain2.asset using Guid(865d0f7e6d53b354bb1d54dde21e53aa) Importer(815301076,1909f56bfc062723c751e8b465ee728b)  -> (artifact id: '8ff082f226cf745bc3b021595d85ed89') in 0.003758 seconds
  Import took 0.007019 seconds .

========================================================================
Received Import Request.
  Time since last request: 1.377433 seconds.
  path: Assets/BehaviorTrees/Example/GuardBrain2.asset
  artifactKey: Guid(865d0f7e6d53b354bb1d54dde21e53aa) Importer(815301076,1909f56bfc062723c751e8b465ee728b)
Start importing Assets/BehaviorTrees/Example/GuardBrain2.asset using Guid(865d0f7e6d53b354bb1d54dde21e53aa) Importer(815301076,1909f56bfc062723c751e8b465ee728b)  -> (artifact id: 'f3f0625983abf670b706ad208f04e24a') in 0.004778 seconds
  Import took 0.008996 seconds .

========================================================================
Received Import Request.
  Time since last request: 2.022499 seconds.
  path: Assets/BehaviorTrees/Example/GuardBrain2.asset
  artifactKey: Guid(865d0f7e6d53b354bb1d54dde21e53aa) Importer(815301076,1909f56bfc062723c751e8b465ee728b)
Start importing Assets/BehaviorTrees/Example/GuardBrain2.asset using Guid(865d0f7e6d53b354bb1d54dde21e53aa) Importer(815301076,1909f56bfc062723c751e8b465ee728b)  -> (artifact id: 'a43dec4fb650c444c89c0b6325767457') in 0.004536 seconds
  Import took 0.007877 seconds .

========================================================================
Received Import Request.
  Time since last request: 1.321260 seconds.
  path: Assets/BehaviorTrees/Example/GuardBrain2.asset
  artifactKey: Guid(865d0f7e6d53b354bb1d54dde21e53aa) Importer(815301076,1909f56bfc062723c751e8b465ee728b)
Start importing Assets/BehaviorTrees/Example/GuardBrain2.asset using Guid(865d0f7e6d53b354bb1d54dde21e53aa) Importer(815301076,1909f56bfc062723c751e8b465ee728b)  -> (artifact id: '917c80ff42f63006f3b7a6675cb9c930') in 0.003678 seconds
  Import took 0.006427 seconds .

========================================================================
Received Import Request.
  Time since last request: 2.271008 seconds.
  path: Assets/BehaviorTrees/Example/GuardBrain2.asset
  artifactKey: Guid(865d0f7e6d53b354bb1d54dde21e53aa) Importer(815301076,1909f56bfc062723c751e8b465ee728b)
Start importing Assets/BehaviorTrees/Example/GuardBrain2.asset using Guid(865d0f7e6d53b354bb1d54dde21e53aa) Importer(815301076,1909f56bfc062723c751e8b465ee728b)  -> (artifact id: 'd8d6ec3031426410468058aa394c448f') in 0.003833 seconds
  Import took 0.006952 seconds .

========================================================================
Received Import Request.
  Time since last request: 2.214186 seconds.
  path: Assets/BehaviorTrees/Example/GuardBrain2.asset
  artifactKey: Guid(865d0f7e6d53b354bb1d54dde21e53aa) Importer(815301076,1909f56bfc062723c751e8b465ee728b)
Start importing Assets/BehaviorTrees/Example/GuardBrain2.asset using Guid(865d0f7e6d53b354bb1d54dde21e53aa) Importer(815301076,1909f56bfc062723c751e8b465ee728b)  -> (artifact id: '3fa5ea11143b090c633b6a15cfad16a3') in 0.004014 seconds
  Import took 0.007271 seconds .

========================================================================
Received Import Request.
  Time since last request: 13.294053 seconds.
  path: Assets/BehaviorTrees/Example/GuardBrain2.asset
  artifactKey: Guid(865d0f7e6d53b354bb1d54dde21e53aa) Importer(815301076,1909f56bfc062723c751e8b465ee728b)
Start importing Assets/BehaviorTrees/Example/GuardBrain2.asset using Guid(865d0f7e6d53b354bb1d54dde21e53aa) Importer(815301076,1909f56bfc062723c751e8b465ee728b)  -> (artifact id: '5d5d4783a518a433bd8f5b1fa4839d25') in 0.003447 seconds
  Import took 0.006168 seconds .

========================================================================
Received Prepare
Registering precompiled user dll's ...
Registered in 0.001894 seconds.
Begin MonoManager ReloadAssembly
Native extension for WindowsStandalone target not found
Refreshing native plugins compatible for Editor in 0.47 ms, found 0 plugins.
Preloading 0 native plugins for Editor in 0.00 ms.
Invoked RoslynAnalysisRunner static constructor.
RoslynAnalysisRunner will not be running.
RoslynAnalysisRunner has terminated.
Mono: successfully reloaded assembly
- Completed reload, in  1.008 seconds
Platform modules already initialized, skipping
Switching build target platform(5) subTarget(0) extendedPlatform(0) -> platform(13) subTarget(589824) extendedPlatform(0)
Refreshing native plugins compatible for Editor in 0.46 ms, found 0 plugins.
Preloading 0 native plugins for Editor in 0.00 ms.
Unloading 1560 Unused Serialized files (Serialized files now loaded: 0)
System memory in use before: 72.3 MB.
System memory in use after: 72.4 MB.

Unloading 65 unused Assets to reduce memory usage. Loaded Objects now: 1993.
Total: 2.140100 ms (FindLiveObjects: 0.177100 ms CreateObjectMapping: 0.063200 ms MarkObjects: 1.852600 ms  DeleteObjects: 0.046100 ms)

AssetImportParameters requested are different than current active one (requested -> active):
  custom:graphics/normal-map-encoding: 01000000000000000000000000000000 -> 02000000000000000000000000000000
========================================================================
Received Import Request.
  Time since last request: 28.570291 seconds.
  path: Assets/BehaviorTrees/Example/GuardBrain2.asset
  artifactKey: Guid(865d0f7e6d53b354bb1d54dde21e53aa) Importer(815301076,1909f56bfc062723c751e8b465ee728b)
Start importing Assets/BehaviorTrees/Example/GuardBrain2.asset using Guid(865d0f7e6d53b354bb1d54dde21e53aa) Importer(815301076,1909f56bfc062723c751e8b465ee728b)  -> (artifact id: 'a386d4a86bb5620d0d560b683119abe8') in 0.015009 seconds
  Import took 0.017841 seconds .

========================================================================
Received Import Request.
  Time since last request: 0.577524 seconds.
  path: Assets/BehaviorTrees/Example/GuardBrain2.asset
  artifactKey: Guid(865d0f7e6d53b354bb1d54dde21e53aa) Importer(815301076,1909f56bfc062723c751e8b465ee728b)
Start importing Assets/BehaviorTrees/Example/GuardBrain2.asset using Guid(865d0f7e6d53b354bb1d54dde21e53aa) Importer(815301076,1909f56bfc062723c751e8b465ee728b)  -> (artifact id: '5bd4d67775f16e989a98cd20035c1f15') in 0.003981 seconds
  Import took 0.006678 seconds .

========================================================================
Received Import Request.
  Time since last request: 1.914484 seconds.
  path: Assets/BehaviorTrees/Example/GuardBrain2.asset
  artifactKey: Guid(865d0f7e6d53b354bb1d54dde21e53aa) Importer(815301076,1909f56bfc062723c751e8b465ee728b)
Start importing Assets/BehaviorTrees/Example/GuardBrain2.asset using Guid(865d0f7e6d53b354bb1d54dde21e53aa) Importer(815301076,1909f56bfc062723c751e8b465ee728b)  -> (artifact id: '96f5fae138d25074390e8f8a1410869a') in 0.003404 seconds
  Import took 0.006058 seconds .

========================================================================
Received Prepare
Registering precompiled user dll's ...
Registered in 0.001851 seconds.
Begin MonoManager ReloadAssembly
Native extension for WindowsStandalone target not found
Refreshing native plugins compatible for Editor in 0.43 ms, found 0 plugins.
Preloading 0 native plugins for Editor in 0.00 ms.
Invoked RoslynAnalysisRunner static constructor.
RoslynAnalysisRunner will not be running.
RoslynAnalysisRunner has terminated.
Mono: successfully reloaded assembly
- Completed reload, in  0.853 seconds
Platform modules already initialized, skipping
Switching build target platform(5) subTarget(0) extendedPlatform(0) -> platform(13) subTarget(589824) extendedPlatform(0)
Refreshing native plugins compatible for Editor in 0.81 ms, found 0 plugins.
Preloading 0 native plugins for Editor in 0.00 ms.
Unloading 1560 Unused Serialized files (Serialized files now loaded: 0)
System memory in use before: 72.3 MB.
System memory in use after: 72.4 MB.

Unloading 65 unused Assets to reduce memory usage. Loaded Objects now: 1996.
Total: 2.017900 ms (FindLiveObjects: 0.195200 ms CreateObjectMapping: 0.065500 ms MarkObjects: 1.713000 ms  DeleteObjects: 0.042900 ms)

AssetImportParameters requested are different than current active one (requested -> active):
  custom:graphics/normal-map-encoding: 01000000000000000000000000000000 -> 02000000000000000000000000000000
========================================================================
Received Prepare
Registering precompiled user dll's ...
Registered in 0.003445 seconds.
Begin MonoManager ReloadAssembly
Native extension for WindowsStandalone target not found
Refreshing native plugins compatible for Editor in 0.46 ms, found 0 plugins.
Preloading 0 native plugins for Editor in 0.00 ms.
Invoked RoslynAnalysisRunner static constructor.
RoslynAnalysisRunner will not be running.
RoslynAnalysisRunner has terminated.
Mono: successfully reloaded assembly
- Completed reload, in  1.008 seconds
Platform modules already initialized, skipping
Switching build target platform(5) subTarget(0) extendedPlatform(0) -> platform(13) subTarget(589824) extendedPlatform(0)
Refreshing native plugins compatible for Editor in 0.44 ms, found 0 plugins.
Preloading 0 native plugins for Editor in 0.00 ms.
Unloading 1560 Unused Serialized files (Serialized files now loaded: 0)
System memory in use before: 72.4 MB.
System memory in use after: 72.5 MB.

Unloading 65 unused Assets to reduce memory usage. Loaded Objects now: 1999.
Total: 2.329600 ms (FindLiveObjects: 0.232100 ms CreateObjectMapping: 0.062800 ms MarkObjects: 1.986200 ms  DeleteObjects: 0.047400 ms)

AssetImportParameters requested are different than current active one (requested -> active):
  custom:graphics/normal-map-encoding: 01000000000000000000000000000000 -> 02000000000000000000000000000000
